<?xml version="1.0" encoding="UTF-8"?>
<testng-results ignored="0" total="1" passed="1" failed="0" skipped="0">
  <reporter-output>
  </reporter-output>
  <suite started-at="2020-06-25T04:41:03Z" name="Suite" finished-at="2020-06-25T04:41:12Z" duration-ms="9482">
    <groups>
    </groups>
    <test started-at="2020-06-25T04:41:03Z" name="Test" finished-at="2020-06-25T04:41:12Z" duration-ms="9482">
      <class name="regression.TC001LoginExtentReports">
        <test-method is-config="true" signature="setUp()[pri:0, instance:regression.TC001LoginExtentReports@49049a04]" started-at="2020-06-25T04:41:03Z" name="setUp" finished-at="2020-06-25T04:41:08Z" duration-ms="4920" status="PASS">
          <reporter-output>
          </reporter-output>
        </test-method> <!-- setUp -->
        <test-method signature="verifyLogin()[pri:0, instance:regression.TC001LoginExtentReports@49049a04]" started-at="2020-06-25T04:41:08Z" name="verifyLogin" finished-at="2020-06-25T04:41:11Z" duration-ms="3478" status="PASS">
          <reporter-output>
          </reporter-output>
        </test-method> <!-- verifyLogin -->
        <test-method is-config="true" signature="tearDown()[pri:0, instance:regression.TC001LoginExtentReports@49049a04]" started-at="2020-06-25T04:41:11Z" name="tearDown" finished-at="2020-06-25T04:41:12Z" duration-ms="1057" status="PASS">
          <reporter-output>
          </reporter-output>
        </test-method> <!-- tearDown -->
      </class> <!-- regression.TC001LoginExtentReports -->
    </test> <!-- Test -->
  </suite> <!-- Suite -->
</testng-results>
