<?xml version="1.0" encoding="UTF-8"?>
<testng-results ignored="0" total="1" passed="1" failed="0" skipped="0">
  <reporter-output>
  </reporter-output>
  <suite started-at="2020-06-25T04:32:24Z" name="Default suite" finished-at="2020-06-25T04:32:33Z" duration-ms="8907">
    <groups>
    </groups>
    <test started-at="2020-06-25T04:32:24Z" name="Default test" finished-at="2020-06-25T04:32:33Z" duration-ms="8907">
      <class name="regression.TC001Login">
        <test-method is-config="true" signature="setUp()[pri:0, instance:regression.TC001Login@7be58f16]" started-at="2020-06-25T04:32:24Z" name="setUp" finished-at="2020-06-25T04:32:29Z" duration-ms="4613" status="PASS">
          <reporter-output>
          </reporter-output>
        </test-method> <!-- setUp -->
        <test-method signature="verifyLogin()[pri:0, instance:regression.TC001Login@7be58f16]" started-at="2020-06-25T04:32:29Z" name="verifyLogin" finished-at="2020-06-25T04:32:32Z" duration-ms="3423" status="PASS">
          <reporter-output>
          </reporter-output>
        </test-method> <!-- verifyLogin -->
        <test-method is-config="true" signature="tearDown()[pri:0, instance:regression.TC001Login@7be58f16]" started-at="2020-06-25T04:32:32Z" name="tearDown" finished-at="2020-06-25T04:32:33Z" duration-ms="839" status="PASS">
          <reporter-output>
          </reporter-output>
        </test-method> <!-- tearDown -->
      </class> <!-- regression.TC001Login -->
    </test> <!-- Default test -->
  </suite> <!-- Default suite -->
</testng-results>
